<?xml version="1.0" encoding="UTF-8"?>
<testsuite xmlns:xsi="http://www.w3.org/2001/XMLSchema-instance" xsi:noNamespaceSchemaLocation="https://maven.apache.org/surefire/maven-surefire-plugin/xsd/surefire-test-report-3.0.xsd" version="3.0" name="com.DINESH.ClientAuthendicator.ClientAuthendicatorApplicationTests" time="27.398" tests="1" errors="0" skipped="0" failures="0">
  <properties>
[...]
</properties>
  <testcase name="contextLoads" classname="com.DINESH.ClientAuthendicator.ClientAuthendicatorApplicationTests" time="1.284">
    <system-out><![CDATA[15:43:38,857 |-INFO in ch.qos.logback.classic.LoggerContext[default] - This is logback-classic version 1.5.7
15:43:38,862 |-INFO in ch.qos.logback.classic.util.ContextInitializer@1fb669c3 - Here is a list of configurators discovered as a service, by rank: 
15:43:38,862 |-INFO in ch.qos.logback.classic.util.ContextInitializer@1fb669c3 -   org.springframework.boot.logging.logback.RootLogLevelConfigurator
15:43:38,862 |-INFO in ch.qos.logback.classic.util.ContextInitializer@1fb669c3 - They will be invoked in order until ExecutionStatus.DO_NOT_INVOKE_NEXT_IF_ANY is returned.
15:43:38,862 |-INFO in ch.qos.logback.classic.util.ContextInitializer@1fb669c3 - Constructed configurator of type class org.springframework.boot.logging.logback.RootLogLevelConfigurator
15:43:38,871 |-INFO in ch.qos.logback.classic.util.ContextInitializer@1fb669c3 - org.springframework.boot.logging.logback.RootLogLevelConfigurator.configure() call lasted 0 milliseconds. ExecutionStatus=INVOKE_NEXT_IF_ANY
15:43:38,871 |-INFO in ch.qos.logback.classic.util.ContextInitializer@1fb669c3 - Trying to configure with ch.qos.logback.classic.joran.SerializedModelConfigurator
15:43:38,872 |-INFO in ch.qos.logback.classic.util.ContextInitializer@1fb669c3 - Constructed configurator of type class ch.qos.logback.classic.joran.SerializedModelConfigurator
15:43:38,875 |-INFO in ch.qos.logback.classic.LoggerContext[default] - Could NOT find resource [logback-test.scmo]
15:43:38,876 |-INFO in ch.qos.logback.classic.LoggerContext[default] - Could NOT find resource [logback.scmo]
15:43:38,876 |-INFO in ch.qos.logback.classic.util.ContextInitializer@1fb669c3 - ch.qos.logback.classic.joran.SerializedModelConfigurator.configure() call lasted 4 milliseconds. ExecutionStatus=INVOKE_NEXT_IF_ANY
15:43:38,876 |-INFO in ch.qos.logback.classic.util.ContextInitializer@1fb669c3 - Trying to configure with ch.qos.logback.classic.util.DefaultJoranConfigurator
15:43:38,877 |-INFO in ch.qos.logback.classic.util.ContextInitializer@1fb669c3 - Constructed configurator of type class ch.qos.logback.classic.util.DefaultJoranConfigurator
15:43:38,877 |-INFO in ch.qos.logback.classic.LoggerContext[default] - Could NOT find resource [logback-test.xml]
15:43:38,880 |-INFO in ch.qos.logback.classic.LoggerContext[default] - Found resource [logback.xml] at [file:/C:/Users/intern2/Documents/DINESH-DEMO-WORKSHOP/Devlopment/MICROSERVICE/Client-Authenticator/target/classes/logback.xml]
15:43:39,034 |-WARN in ch.qos.logback.core.model.processor.IncludeModelHandler - Could not find resource corresponding to [org/springframework/boot/logging/logback/default.xml]
15:43:39,036 |-INFO in ch.qos.logback.core.joran.util.ConfigurationWatchListUtil@49c66ade - Adding [jar:file:/C:/Users/intern2/.m2/repository/org/springframework/boot/spring-boot/3.3.3/spring-boot-3.3.3.jar!/org/springframework/boot/logging/logback/console-appender.xml] to configuration watch list.
15:43:39,036 |-INFO in ch.qos.logback.core.joran.spi.ConfigurationWatchList@6239aba6 - URL [jar:file:/C:/Users/intern2/.m2/repository/org/springframework/boot/spring-boot/3.3.3/spring-boot-3.3.3.jar!/org/springframework/boot/logging/logback/console-appender.xml] is not of type file
15:43:39,042 |-INFO in ch.qos.logback.core.model.processor.AppenderModelHandler - Processing appender named [CONSOLE]
15:43:39,042 |-INFO in ch.qos.logback.core.model.processor.AppenderModelHandler - About to instantiate appender of type [ch.qos.logback.core.ConsoleAppender]
15:43:39,054 |-INFO in ch.qos.logback.core.model.processor.ModelInterpretationContext@3e6104fc - value "CONSOLE_LOG_THRESHOLD_IS_UNDEFINED" substituted for "${CONSOLE_LOG_THRESHOLD}"
15:43:39,057 |-INFO in ch.qos.logback.core.model.processor.ImplicitModelHandler - Assuming default type [ch.qos.logback.classic.encoder.PatternLayoutEncoder] for [encoder] property
15:43:39,058 |-INFO in ch.qos.logback.core.model.processor.ModelInterpretationContext@3e6104fc - value "%d{yyyy-MM-dd HH:mm:ss.SSS} %-5level %thread %logger{36} : %msg%n" substituted for "${CONSOLE_LOG_PATTERN}"
15:43:39,059 |-INFO in ch.qos.logback.core.model.processor.ModelInterpretationContext@3e6104fc - value "UTF-8" substituted for "${CONSOLE_LOG_CHARSET}"
15:43:39,122 |-INFO in ch.qos.logback.core.model.processor.AppenderModelHandler - Processing appender named [FILE]
15:43:39,122 |-INFO in ch.qos.logback.core.model.processor.AppenderModelHandler - About to instantiate appender of type [ch.qos.logback.core.rolling.RollingFileAppender]
15:43:39,128 |-INFO in ch.qos.logback.core.model.processor.ImplicitModelHandler - Assuming default type [ch.qos.logback.classic.encoder.PatternLayoutEncoder] for [encoder] property
15:43:39,129 |-INFO in ch.qos.logback.core.model.processor.ModelInterpretationContext@3e6104fc - value "%d{yyyy-MM-dd HH:mm:ss.SSS} %-5level %thread %logger{36} : %msg%n" substituted for "${CONSOLE_LOG_PATTERN}"
15:43:39,130 |-INFO in ch.qos.logback.core.model.processor.ModelInterpretationContext@3e6104fc - value "APPLICATIONLOGGES/LOGFILE.log" substituted for "${LOG_FILE}"
15:43:39,133 |-INFO in ch.qos.logback.core.model.processor.ModelInterpretationContext@3e6104fc - value "APPLICATIONLOGGES/LOGFILE.log.%i" substituted for "${LOG_FILE}.%i"
15:43:39,134 |-WARN in ch.qos.logback.core.model.processor.ImplicitModelHandler - Ignoring unknown property [minInde] in [ch.qos.logback.core.rolling.FixedWindowRollingPolicy]
15:43:39,143 |-INFO in ch.qos.logback.core.rolling.FixedWindowRollingPolicy@12359a82 - No compression will be used
15:43:39,143 |-WARN in ch.qos.logback.core.rolling.FixedWindowRollingPolicy@12359a82 - Large window sizes are not allowed.
15:43:39,146 |-WARN in ch.qos.logback.core.rolling.FixedWindowRollingPolicy@12359a82 - MaxIndex reduced to 21
15:43:39,151 |-INFO in ch.qos.logback.core.rolling.RollingFileAppender[FILE] - Active log file name: APPLICATIONLOGGES/LOGFILE.log
15:43:39,151 |-INFO in ch.qos.logback.core.rolling.RollingFileAppender[FILE] - File property is set to [APPLICATIONLOGGES/LOGFILE.log]
15:43:39,153 |-INFO in ch.qos.logback.classic.model.processor.RootLoggerModelHandler - Setting level of ROOT logger to INFO
15:43:39,153 |-INFO in ch.qos.logback.core.model.processor.AppenderRefModelHandler - Attaching appender named [CONSOLE] to Logger[ROOT]
15:43:39,154 |-INFO in ch.qos.logback.core.model.processor.AppenderRefModelHandler - Attaching appender named [FILE] to Logger[ROOT]
15:43:39,155 |-INFO in ch.qos.logback.classic.model.processor.LoggerModelHandler - Setting level of logger [com.DINESH.ClientAuthendicator] to DEBUG
15:43:39,155 |-INFO in ch.qos.logback.core.model.processor.DefaultProcessor@68df9280 - End of configuration.
15:43:39,157 |-INFO in ch.qos.logback.classic.joran.JoranConfigurator@479460a6 - Registering current configuration as safe fallback point
15:43:39,157 |-INFO in ch.qos.logback.classic.util.ContextInitializer@1fb669c3 - ch.qos.logback.classic.util.DefaultJoranConfigurator.configure() call lasted 280 milliseconds. ExecutionStatus=DO_NOT_INVOKE_NEXT_IF_ANY

2024-09-09 15:43:39.351 INFO  main o.s.t.c.s.AnnotationConfigContextLoaderUtils : Could not detect default configuration classes for test class [com.DINESH.ClientAuthendicator.ClientAuthendicatorApplicationTests]: ClientAuthendicatorApplicationTests does not declare any static, non-private, non-final, nested classes annotated with @Configuration.
2024-09-09 15:43:39.707 INFO  main o.s.b.t.c.SpringBootTestContextBootstrapper : Found @SpringBootConfiguration com.DINESH.ClientAuthendicator.ClientAuthendicatorApplication for test class com.DINESH.ClientAuthendicator.ClientAuthendicatorApplicationTests
15:43:46,409 |-WARN in ch.qos.logback.core.model.processor.IncludeModelHandler - Could not find resource corresponding to [org/springframework/boot/logging/logback/default.xml]
15:43:46,409 |-INFO in ch.qos.logback.core.joran.util.ConfigurationWatchListUtil@49c66ade - Adding [jar:file:/C:/Users/intern2/.m2/repository/org/springframework/boot/spring-boot/3.3.3/spring-boot-3.3.3.jar!/org/springframework/boot/logging/logback/console-appender.xml] to configuration watch list.
15:43:46,409 |-INFO in ch.qos.logback.core.joran.spi.ConfigurationWatchList@7134b8a7 - URL [jar:file:/C:/Users/intern2/.m2/repository/org/springframework/boot/spring-boot/3.3.3/spring-boot-3.3.3.jar!/org/springframework/boot/logging/logback/console-appender.xml] is not of type file
15:43:46,412 |-INFO in ch.qos.logback.core.model.processor.AppenderModelHandler - Processing appender named [CONSOLE]
15:43:46,412 |-INFO in ch.qos.logback.core.model.processor.AppenderModelHandler - About to instantiate appender of type [ch.qos.logback.core.ConsoleAppender]
15:43:46,413 |-INFO in ch.qos.logback.core.model.processor.ModelInterpretationContext@2262d6d5 - value "CONSOLE_LOG_THRESHOLD_IS_UNDEFINED" substituted for "${CONSOLE_LOG_THRESHOLD}"
15:43:46,413 |-INFO in ch.qos.logback.core.model.processor.ImplicitModelHandler - Assuming default type [ch.qos.logback.classic.encoder.PatternLayoutEncoder] for [encoder] property
15:43:46,413 |-INFO in ch.qos.logback.core.model.processor.ModelInterpretationContext@2262d6d5 - value "%d{yyyy-MM-dd HH:mm:ss.SSS} %-5level %thread %logger{36} : %msg%n" substituted for "${CONSOLE_LOG_PATTERN}"
15:43:46,413 |-INFO in ch.qos.logback.core.model.processor.ModelInterpretationContext@2262d6d5 - value "UTF-8" substituted for "${CONSOLE_LOG_CHARSET}"
15:43:46,414 |-INFO in ch.qos.logback.core.model.processor.AppenderModelHandler - Processing appender named [FILE]
15:43:46,414 |-INFO in ch.qos.logback.core.model.processor.AppenderModelHandler - About to instantiate appender of type [ch.qos.logback.core.rolling.RollingFileAppender]
15:43:46,415 |-INFO in ch.qos.logback.core.model.processor.ImplicitModelHandler - Assuming default type [ch.qos.logback.classic.encoder.PatternLayoutEncoder] for [encoder] property
15:43:46,415 |-INFO in ch.qos.logback.core.model.processor.ModelInterpretationContext@2262d6d5 - value "%d{yyyy-MM-dd HH:mm:ss.SSS} %-5level %thread %logger{36} : %msg%n" substituted for "${CONSOLE_LOG_PATTERN}"
15:43:46,415 |-INFO in ch.qos.logback.core.model.processor.ModelInterpretationContext@2262d6d5 - value "APPLICATIONLOGGES/LOGFILE.log" substituted for "${LOG_FILE}"
15:43:46,416 |-INFO in ch.qos.logback.core.model.processor.ModelInterpretationContext@2262d6d5 - value "APPLICATIONLOGGES/LOGFILE.log.%i" substituted for "${LOG_FILE}.%i"
15:43:46,416 |-WARN in ch.qos.logback.core.model.processor.ImplicitModelHandler - Ignoring unknown property [minInde] in [ch.qos.logback.core.rolling.FixedWindowRollingPolicy]
15:43:46,416 |-INFO in ch.qos.logback.core.rolling.FixedWindowRollingPolicy@40de8f93 - No compression will be used
15:43:46,416 |-WARN in ch.qos.logback.core.rolling.FixedWindowRollingPolicy@40de8f93 - Large window sizes are not allowed.
15:43:46,416 |-WARN in ch.qos.logback.core.rolling.FixedWindowRollingPolicy@40de8f93 - MaxIndex reduced to 21
15:43:46,416 |-INFO in ch.qos.logback.core.rolling.RollingFileAppender[FILE] - Active log file name: APPLICATIONLOGGES/LOGFILE.log
15:43:46,416 |-INFO in ch.qos.logback.core.rolling.RollingFileAppender[FILE] - File property is set to [APPLICATIONLOGGES/LOGFILE.log]
15:43:46,417 |-INFO in ch.qos.logback.classic.model.processor.RootLoggerModelHandler - Setting level of ROOT logger to INFO
15:43:46,417 |-INFO in ch.qos.logback.classic.jul.LevelChangePropagator@6ff0b1cc - Propagating INFO level on Logger[ROOT] onto the JUL framework
15:43:46,418 |-INFO in ch.qos.logback.core.model.processor.AppenderRefModelHandler - Attaching appender named [CONSOLE] to Logger[ROOT]
15:43:46,418 |-INFO in ch.qos.logback.core.model.processor.AppenderRefModelHandler - Attaching appender named [FILE] to Logger[ROOT]
15:43:46,418 |-INFO in ch.qos.logback.classic.model.processor.LoggerModelHandler - Setting level of logger [com.DINESH.ClientAuthendicator] to DEBUG
15:43:46,418 |-INFO in ch.qos.logback.classic.jul.LevelChangePropagator@6ff0b1cc - Propagating DEBUG level on Logger[com.DINESH.ClientAuthendicator] onto the JUL framework
15:43:46,418 |-INFO in ch.qos.logback.core.model.processor.DefaultProcessor@3b55dd15 - End of configuration.
15:43:46,418 |-INFO in org.springframework.boot.logging.logback.SpringBootJoranConfigurator@f3560d4 - Registering current configuration as safe fallback point


  .   ____          _            __ _ _
 /\\ / ___'_ __ _ _(_)_ __  __ _ \ \ \ \
( ( )\___ | '_ | '_| | '_ \/ _` | \ \ \ \
 \\/  ___)| |_)| | | | | || (_| |  ) ) ) )
  '  |____| .__|_| |_|_| |_\__, | / / / /
 =========|_|==============|___/=/_/_/_/

2024-09-09 15:43:46.491 INFO  background-preinit o.h.validator.internal.util.Version : HV000001: Hibernate Validator 8.0.1.Final
 :: Spring Boot ::                (v3.3.3)

2024-09-09 15:43:46.759 INFO  main c.D.C.ClientAuthendicatorApplicationTests : Starting ClientAuthendicatorApplicationTests using Java 22.0.1 with PID 4332 (started by intern2 in C:\Users\intern2\Documents\DINESH-DEMO-WORKSHOP\Devlopment\MICROSERVICE\Client-Authenticator)
2024-09-09 15:43:46.768 DEBUG main c.D.C.ClientAuthendicatorApplicationTests : Running with Spring Boot v3.3.3, Spring v6.1.12
2024-09-09 15:43:46.771 INFO  main c.D.C.ClientAuthendicatorApplicationTests : The following 9 profiles are active: "common", "prod_eureka", "common_log", "common_db", "prod_db", "prod_port", "common_clientauthendicator", "prod_clientauthendicator", "prod_commoncdn"
2024-09-09 15:43:47.010 INFO  main o.s.c.c.c.ConfigServerConfigDataLoader : Fetching config from server at : https://servicemaintainer-2dxj.onrender.com
2024-09-09 15:43:47.010 INFO  main o.s.c.c.c.ConfigServerConfigDataLoader : Located environment: name=application, profiles=[default], label=WhiteKite, version=9ec7a91fc356e9ad6c684a9134596aeb1810df43, state=null
2024-09-09 15:43:47.011 INFO  main o.s.c.c.c.ConfigServerConfigDataLoader : Fetching config from server at : https://servicemaintainer-2dxj.onrender.com
2024-09-09 15:43:47.011 INFO  main o.s.c.c.c.ConfigServerConfigDataLoader : Located environment: name=application, profiles=[common,prod_eureka,common_log,common_db,prod_db,prod_port,common_clientauthendicator,prod_clientauthendicator,prod_commoncdn], label=WhiteKite, version=9ec7a91fc356e9ad6c684a9134596aeb1810df43, state=null
2024-09-09 15:43:50.454 INFO  main o.s.d.r.c.RepositoryConfigurationDelegate : Bootstrapping Spring Data JPA repositories in DEFAULT mode.
2024-09-09 15:43:50.896 INFO  main o.s.d.r.c.RepositoryConfigurationDelegate : Finished Spring Data repository scanning in 410 ms. Found 1 JPA repository interface.
2024-09-09 15:43:52.064 INFO  main o.s.cloud.context.scope.GenericScope : BeanFactory id=4abf6520-6aef-38b9-922b-7b84c875b879
2024-09-09 15:43:52.917 WARN  main o.s.c.s.PostProcessorRegistrationDelegate$BeanPostProcessorChecker : Bean 'org.springframework.cloud.client.loadbalancer.LoadBalancerAutoConfiguration$DeferringLoadBalancerInterceptorConfig' of type [org.springframework.cloud.client.loadbalancer.LoadBalancerAutoConfiguration$DeferringLoadBalancerInterceptorConfig] is not eligible for getting processed by all BeanPostProcessors (for example: not eligible for auto-proxying). The currently created BeanPostProcessor [lbRestClientPostProcessor] is declared through a non-static factory method on that class; consider declaring it as static instead.
2024-09-09 15:43:52.924 WARN  main o.s.c.s.PostProcessorRegistrationDelegate$BeanPostProcessorChecker : Bean 'deferringLoadBalancerInterceptor' of type [org.springframework.cloud.client.loadbalancer.DeferringLoadBalancerInterceptor] is not eligible for getting processed by all BeanPostProcessors (for example: not eligible for auto-proxying). Is this bean getting eagerly injected into a currently created BeanPostProcessor [lbRestClientPostProcessor]? Check the corresponding BeanPostProcessor declaration and its dependencies.
2024-09-09 15:43:53.583 INFO  main o.h.jpa.internal.util.LogHelper : HHH000204: Processing PersistenceUnitInfo [name: default]
2024-09-09 15:43:53.767 INFO  main org.hibernate.Version : HHH000412: Hibernate ORM core version 6.5.2.Final
2024-09-09 15:43:53.856 INFO  main o.h.c.i.RegionFactoryInitiator : HHH000026: Second-level cache disabled
2024-09-09 15:43:54.599 INFO  main o.s.o.j.p.SpringPersistenceUnitInfo : No LoadTimeWeaver setup: ignoring JPA class transformer
2024-09-09 15:43:54.657 INFO  main com.zaxxer.hikari.HikariDataSource : HikariPool-1 - Starting...
2024-09-09 15:43:55.706 INFO  main com.zaxxer.hikari.pool.HikariPool : HikariPool-1 - Added connection org.postgresql.jdbc.PgConnection@1bcca516
2024-09-09 15:43:55.708 INFO  main com.zaxxer.hikari.HikariDataSource : HikariPool-1 - Start completed.
2024-09-09 15:43:56.302 WARN  main org.hibernate.orm.deprecation : HHH90000025: PostgreSQLDialect does not need to be specified explicitly using 'hibernate.dialect' (remove the property setting and it will be selected by default)
2024-09-09 15:43:58.189 INFO  main o.h.e.t.j.p.i.JtaPlatformInitiator : HHH000489: No JTA platform available (set 'hibernate.transaction.jta.platform' to enable JTA platform integration)
2024-09-09 15:43:58.453 INFO  main o.s.o.j.LocalContainerEntityManagerFactoryBean : Initialized JPA EntityManagerFactory for persistence unit 'default'
2024-09-09 15:43:59.817 WARN  main o.s.b.a.o.j.JpaBaseConfiguration$JpaWebConfiguration : spring.jpa.open-in-view is enabled by default. Therefore, database queries may be performed during view rendering. Explicitly configure spring.jpa.open-in-view to disable this warning
2024-09-09 15:44:00.017 INFO  main o.s.s.c.a.a.c.InitializeAuthenticationProviderBeanManagerConfigurer$InitializeAuthenticationProviderManagerConfigurer : Global AuthenticationManager configured with AuthenticationProvider bean with name daoAuthenticationProvider
2024-09-09 15:44:00.019 WARN  main o.s.s.c.a.a.c.InitializeUserDetailsBeanManagerConfigurer$InitializeUserDetailsManagerConfigurer : Global AuthenticationManager configured with an AuthenticationProvider bean. UserDetailsService beans will not be used for username/password login. Consider removing the AuthenticationProvider bean. Alternatively, consider using the UserDetailsService in a manually instantiated DaoAuthenticationProvider.
2024-09-09 15:44:01.887 INFO  main o.s.b.a.e.web.EndpointLinksResolver : Exposing 17 endpoints beneath base path '/actuator'
2024-09-09 15:44:03.493 INFO  main o.s.c.n.e.c.DiscoveryClientOptionalArgsConfiguration : Eureka HTTP Client uses RestTemplate.
2024-09-09 15:44:03.628 WARN  main o.s.c.l.c.LoadBalancerCacheAutoConfiguration$LoadBalancerCaffeineWarnLogger : Spring Cloud LoadBalancer is currently working with the default cache. While this cache implementation is useful for development and tests, it's recommended to use Caffeine cache in production.You can switch to using Caffeine cache, by adding it and org.springframework.cache.caffeine.CaffeineCacheManager to the classpath.
2024-09-09 15:44:03.896 INFO  main o.s.c.n.eureka.InstanceInfoFactory : Setting initial instance status as: STARTING
2024-09-09 15:44:03.988 INFO  main c.netflix.discovery.DiscoveryClient : Initializing Eureka in region us-east-1
2024-09-09 15:44:03.996 INFO  main c.n.d.s.r.aws.ConfigClusterResolver : Resolving eureka endpoints via configuration
2024-09-09 15:44:04.021 INFO  main c.netflix.discovery.DiscoveryClient : Disable delta property : false
2024-09-09 15:44:04.022 INFO  main c.netflix.discovery.DiscoveryClient : Single vip registry refresh property : null
2024-09-09 15:44:04.022 INFO  main c.netflix.discovery.DiscoveryClient : Force full registry fetch : false
2024-09-09 15:44:04.022 INFO  main c.netflix.discovery.DiscoveryClient : Application is null : false
2024-09-09 15:44:04.022 INFO  main c.netflix.discovery.DiscoveryClient : Registered Applications size is zero : true
2024-09-09 15:44:04.022 INFO  main c.netflix.discovery.DiscoveryClient : Application version is -1: true
2024-09-09 15:44:04.022 INFO  main c.netflix.discovery.DiscoveryClient : Getting all instance registry info from the eureka server
2024-09-09 15:44:04.644 INFO  main c.netflix.discovery.DiscoveryClient : The response status is 200
2024-09-09 15:44:04.648 INFO  main c.netflix.discovery.DiscoveryClient : Starting heartbeat executor: renew interval is: 30
2024-09-09 15:44:04.651 INFO  main c.n.discovery.InstanceInfoReplicator : InstanceInfoReplicator onDemand update allowed rate per min is 4
2024-09-09 15:44:04.653 INFO  main c.netflix.discovery.DiscoveryClient : Discovery Client initialized at timestamp 1725876844652 with initial instances count: 3
2024-09-09 15:44:04.660 INFO  main o.s.c.n.e.s.EurekaServiceRegistry : Registering application CLIENT-AUTHENDICATOR with eureka with status UP
2024-09-09 15:44:04.660 INFO  main c.netflix.discovery.DiscoveryClient : Saw local status change event StatusChangeEvent [timestamp=1725876844660, current=UP, previous=STARTING]
2024-09-09 15:44:04.663 INFO  DiscoveryClient-InstanceInfoReplicator-%d c.netflix.discovery.DiscoveryClient : DiscoveryClient_CLIENT-AUTHENDICATOR/host.docker.internal:client-authendicator:80: registering service...
2024-09-09 15:44:04.699 INFO  main c.D.C.ClientAuthendicatorApplicationTests : Started ClientAuthendicatorApplicationTests in 24.583 seconds (process running for 27.303)
2024-09-09 15:44:04.827 INFO  DiscoveryClient-InstanceInfoReplicator-%d c.netflix.discovery.DiscoveryClient : DiscoveryClient_CLIENT-AUTHENDICATOR/host.docker.internal:client-authendicator:80 - registration status: 204
]]></system-out>
    <system-err><![CDATA[WARNING: A Java agent has been loaded dynamically (C:\Users\intern2\.m2\repository\net\bytebuddy\byte-buddy-agent\1.14.19\byte-buddy-agent-1.14.19.jar)
WARNING: If a serviceability tool is in use, please run with -XX:+EnableDynamicAgentLoading to hide this warning
WARNING: If a serviceability tool is not in use, please run with -Djdk.instrument.traceUsage for more information
WARNING: Dynamic loading of agents will be disallowed by default in a future release
]]></system-err>
  </testcase>
</testsuite>